[org_C3] My bid in artifact cobj_2, at Task SitePreparation, is 1900
[org_C1] My bid in artifact cobj_2, at Task SitePreparation, is 1900
[org_C5] My bid in artifact cobj_2, at Task SitePreparation, is 1900
[org_F1] My bid in artifact cobj_2, at Task SitePreparation, is 1000
[org_C2] My bid in artifact cobj_2, at Task SitePreparation, is 1900
[org_F2] My bid in artifact cobj_2, at Task SitePreparation, is 1000
[org_B] My bid in artifact cobj_2 is 1850
[org_E] My bid in artifact cobj_2, at Task Floors, is 990
[org_A] My bid in artifact cobj_2 is 300
[org_C5] My bid in artifact cobj_4, at Task Floors, is 900
[org_C2] My bid in artifact cobj_4, at Task Floors, is 900
[org_E] My bid in artifact cobj_2, at Task Floors, is 890
[org_E] My bid in artifact cobj_4, at Task Walls, is 990
[org_C4] My bid in artifact cobj_4, at Task Walls, is 900
[org_E] My bid in artifact cobj_5, at Task Roof, is 1990
[org_C5] My bid in artifact cobj_5, at Task Walls, is 900
[org_C1] My bid in artifact cobj_5, at Task Walls, is 900
[org_C3] My bid in artifact cobj_5, at Task Walls, is 900
[org_C1] My bid in artifact cobj_6, at Task Roof, is 1100
[org_E] My bid in artifact cobj_4, at Task Walls, is 890
[org_C2] My bid in artifact cobj_5, at Task Walls, is 900
[org_C3] My bid in artifact cobj_6, at Task Roof, is 1100
[org_D13] My bid in artifact cobj_2 is 4294
[org_C5] My bid in artifact cobj_6, at Task Roof, is 1100
[org_C2] My bid in artifact cobj_6, at Task Roof, is 1100
[org_E] My bid in artifact cobj_5, at Task Roof, is 1090
[org_C5] My bid in artifact cobj_7, at Task WindowsDoors, is 2000
[org_D10] My bid in artifact cobj_2 is 4738
[org_C3] My bid in artifact cobj_6, at Task Roof, is 1100
[org_C1] My bid in artifact cobj_7, at Task WindowsDoors, is 2000
[org_C2] My bid in artifact cobj_7, at Task WindowsDoors, is 2000
[org_C4] My bid in artifact cobj_6, at Task ElectricalSystem, is 300
[org_C3] My bid in artifact cobj_7, at Task WindowsDoors, is 2000
[org_C2] My bid in artifact cobj_6, at Task Roof, is 1100
[org_C4] My bid in artifact cobj_8, at Task WindowsDoors, is 2000
[org_C5] My bid in artifact cobj_9, at Task ElectricalSystem, is 300
[org_C1] My bid in artifact cobj_9, at Task ElectricalSystem, is 300
[org_C4] My bid in artifact cobj_4, at Task Walls, is 900
[org_C1] My bid in artifact cobj_10, at Task Painting, is 1100
[org_C5] My bid in artifact cobj_10, at Task Painting, is 1100
[org_C2] My bid in artifact cobj_9, at Task ElectricalSystem, is 300
[org_C3] My bid in artifact cobj_9, at Task Painting, is 1100
[org_C4] My bid in artifact cobj_9, at Task Roof, is 1100
[org_D6] My bid in artifact cobj_2 is 4371
[org_C2] My bid in artifact cobj_10, at Task Painting, is 1100
[org_C4] My bid in artifact cobj_10, at Task Painting, is 1100
[org_C4] My bid in artifact cobj_9, at Task Roof, is 1100
[org_D7] My bid in artifact cobj_8 is 2474
[org_D10] My bid in artifact cobj_5 is 2755
[org_D7] My bid in artifact cobj_10 is 6214
[org_D4] My bid in artifact cobj_7 is 8812
[org_D3] My bid in artifact cobj_2 is 3960
[org_D2] My bid in artifact cobj_6 is 4094
[org_D12] My bid in artifact cobj_10 is 3425
[org_D6] My bid in artifact cobj_5 is 8046
[org_D11] My bid in artifact cobj_10 is 9408
[org_D12] My bid in artifact cobj_9 is 1278
[org_D10] My bid in artifact cobj_9 is 8864
[org_D6] My bid in artifact cobj_6 is 3852
[org_D9] My bid in artifact cobj_5 is 8315
[org_D8] My bid in artifact cobj_10 is 1717
[org_D3] My bid in artifact cobj_6 is 6807
[org_D4] My bid in artifact cobj_2 is 5752
[org_D6] My bid in artifact cobj_7 is 7514
[org_D11] My bid in artifact cobj_5 is 9839
[org_D10] My bid in artifact cobj_8 is 5504
[org_D12] My bid in artifact cobj_5 is 9843
[org_D8] My bid in artifact cobj_7 is 6545
[org_D3] My bid in artifact cobj_7 is 4282
[org_D2] My bid in artifact cobj_10 is 9937
[org_D12] My bid in artifact cobj_2 is 5147
[org_D8] My bid in artifact cobj_6 is 3619
[org_D6] My bid in artifact cobj_4 is 9057
[org_D13] My bid in artifact cobj_9 is 7071
[org_D6] My bid in artifact cobj_9 is 5883
[org_D3] My bid in artifact cobj_10 is 837
[org_D11] My bid in artifact cobj_2 is 6768
[org_D8] My bid in artifact cobj_2 is 3119
[org_D9] My bid in artifact cobj_8 is 4760
[org_D12] My bid in artifact cobj_6 is 1651
[org_D1] My bid in artifact cobj_9 is 8583
[org_D5] My bid in artifact cobj_2 is 945
[org_D6] My bid in artifact cobj_10 is 10053
[org_D1] My bid in artifact cobj_8 is 8670
[org_D1] My bid in artifact cobj_7 is 3935
[org_D5] My bid in artifact cobj_4 is 9641
[org_D11] My bid in artifact cobj_8 is 9071
[org_D3] My bid in artifact cobj_4 is 3169
[org_D2] My bid in artifact cobj_2 is 9387
[org_D5] My bid in artifact cobj_5 is 7824
[org_D8] My bid in artifact cobj_9 is 2789
[org_D8] My bid in artifact cobj_4 is 2016
[org_D13] My bid in artifact cobj_8 is 6237
[org_D12] My bid in artifact cobj_8 is 1472
[org_D9] My bid in artifact cobj_4 is 2685
[org_D13] My bid in artifact cobj_5 is 9227
[org_D10] My bid in artifact cobj_10 is 5150
[org_D9] My bid in artifact cobj_9 is 6266
[org_D3] My bid in artifact cobj_8 is 3320
[org_D2] My bid in artifact cobj_7 is 7376
[org_D5] My bid in artifact cobj_7 is 2225
[org_D1] My bid in artifact cobj_2 is 8018
[org_D10] My bid in artifact cobj_6 is 8151
[org_D2] My bid in artifact cobj_5 is 6246
[org_D1] My bid in artifact cobj_5 is 808
[org_E] My bid in artifact cobj_4, at Task Walls, is 800
[org_D3] My bid in artifact cobj_5 is 4383
[org_D1] My bid in artifact cobj_4 is 3582
[org_D12] My bid in artifact cobj_7 is 5032
[org_D2] My bid in artifact cobj_9 is 3934
[org_D8] My bid in artifact cobj_5 is 8181
[org_D6] My bid in artifact cobj_8 is 4679
[org_D4] My bid in artifact cobj_4 is 5125
[org_D12] My bid in artifact cobj_4 is 1508
[org_D11] My bid in artifact cobj_6 is 9697
[org_D13] My bid in artifact cobj_7 is 5520
[org_D7] My bid in artifact cobj_2 is 1907
[org_D7] My bid in artifact cobj_6 is 4808
[org_D7] My bid in artifact cobj_5 is 1153
[org_D9] My bid in artifact cobj_2 is 2553
[org_D5] My bid in artifact cobj_6 is 3626
[org_D11] My bid in artifact cobj_7 is 7986
[org_D1] My bid in artifact cobj_6 is 10085
[org_D4] My bid in artifact cobj_5 is 7250
[org_D11] My bid in artifact cobj_9 is 2794
[org_D4] My bid in artifact cobj_6 is 7403
[org_D9] My bid in artifact cobj_7 is 7328
[org_D7] My bid in artifact cobj_7 is 6543
[org_D1] My bid in artifact cobj_10 is 10595
[org_D4] My bid in artifact cobj_8 is 8545
[org_D11] My bid in artifact cobj_4 is 8185
[org_D4] My bid in artifact cobj_9 is 2799
[org_D2] My bid in artifact cobj_4 is 9766
[org_D9] My bid in artifact cobj_10 is 5623
[org_D5] My bid in artifact cobj_10 is 1330
[org_D5] My bid in artifact cobj_8 is 9994
[org_D8] My bid in artifact cobj_8 is 4690
[org_D10] My bid in artifact cobj_4 is 5945
[org_D4] My bid in artifact cobj_10 is 6674
[org_D9] My bid in artifact cobj_6 is 5358
[org_D13] My bid in artifact cobj_6 is 4518
[org_D7] My bid in artifact cobj_4 is 8702
[org_D7] My bid in artifact cobj_9 is 5894
[org_D2] My bid in artifact cobj_8 is 2540
[org_D5] My bid in artifact cobj_9 is 1562
[org_D3] My bid in artifact cobj_9 is 1788
[org_D13] My bid in artifact cobj_4 is 1502
[org_D13] My bid in artifact cobj_10 is 5615
[org_D10] My bid in artifact cobj_7 is 3426
[org_E] I am obliged to commit to lay_floors on bhsch... doing so
[org_C4] I am obliged to commit to install_electrical_system on bhsch... doing so
[org_D5] I am obliged to commit to prepare_site on bhsch... doing so
[org_D12] I am obliged to commit to fit_windows on bhsch... doing so
[org_A] I am obliged to commit to install_plumbing on bhsch... doing so
[org_E] I am obliged to commit to build_walls on bhsch... doing so
[org_D12] I am obliged to commit to fit_doors on bhsch... doing so
[org_E] I am obliged to commit to build_roof on bhsch... doing so
[org_D3] I am obliged to commit to paint_house on bhsch... doing so
[GroupBoard] org_D3 has quit, role painter removed by the platform!
[SchemeBoard] org_D3 has quit, mission paint_house removed by the platform!
[GroupBoard] org_D5 has quit, role site_prep_contractor removed by the platform!
[SchemeBoard] org_D5 has quit, mission prepare_site removed by the platform!
[GroupBoard] giacomo has quit, role house_owner removed by the platform!
[SchemeBoard] giacomo has quit, mission management_of_house_building removed by the platform!
[GroupBoard] org_C4 has quit, role electrician removed by the platform!
[SchemeBoard] org_C4 has quit, mission install_electrical_system removed by the platform!
[GroupBoard] org_A has quit, role plumber removed by the platform!
[SchemeBoard] org_A has quit, mission install_plumbing removed by the platform!
[GroupBoard] org_D12 has quit, role door_fitter removed by the platform!
[GroupBoard] org_D12 has quit, role window_fitter removed by the platform!
[SchemeBoard] org_D12 has quit, mission fit_doors removed by the platform!
[SchemeBoard] org_D12 has quit, mission fit_windows removed by the platform!
[GroupBoard] org_E has quit, role bricklayer removed by the platform!
[GroupBoard] org_E has quit, role roofer removed by the platform!
[SchemeBoard] org_E has quit, mission build_roof removed by the platform!
[SchemeBoard] org_E has quit, mission build_walls removed by the platform!
[SchemeBoard] org_E has quit, mission lay_floors removed by the platform!
