[org_F1] My bid in artifact cobj_2, at Task SitePreparation, is 1000
[org_D9] My bid in artifact cobj_2 is 6170
[org_A] My bid in artifact cobj_2 is 300
[org_E] My bid in artifact cobj_2, at Task Floors, is 990
[org_D1] My bid in artifact cobj_2 is 8570
[org_C5] My bid in artifact cobj_4, at Task Floors, is 900
[org_E] My bid in artifact cobj_4, at Task Roof, is 1990
[org_E] My bid in artifact cobj_2, at Task Floors, is 890
[org_C3] My bid in artifact cobj_4, at Task Roof, is 1100
[org_E] My bid in artifact cobj_4, at Task Roof, is 1090
[org_C5] My bid in artifact cobj_5, at Task Walls, is 900
[org_C1] My bid in artifact cobj_4, at Task Walls, is 900
[org_C3] My bid in artifact cobj_5, at Task Walls, is 900
[org_C1] My bid in artifact cobj_7, at Task WindowsDoors, is 2000
[org_C2] My bid in artifact cobj_6, at Task Painting, is 1100
[org_C4] My bid in artifact cobj_7, at Task ElectricalSystem, is 300
[org_C3] My bid in artifact cobj_7, at Task Painting, is 1100
[org_C5] My bid in artifact cobj_6, at Task Painting, is 1100
[org_C2] My bid in artifact cobj_7, at Task ElectricalSystem, is 300
[org_C1] My bid in artifact cobj_9, at Task ElectricalSystem, is 300
[org_C4] My bid in artifact cobj_9, at Task WindowsDoors, is 2000
[org_C5] My bid in artifact cobj_7, at Task ElectricalSystem, is 300
[org_C3] My bid in artifact cobj_8, at Task ElectricalSystem, is 300
[org_C4] My bid in artifact cobj_10, at Task Painting, is 1100
[org_C2] My bid in artifact cobj_8, at Task WindowsDoors, is 2000
[org_E] My bid in artifact cobj_5, at Task Walls, is 890
[org_D8] My bid in artifact cobj_7 is 3461
[org_D10] My bid in artifact cobj_2 is 2444
[org_D4] My bid in artifact cobj_10 is 9974
[org_D2] My bid in artifact cobj_9 is 5371
[org_D1] My bid in artifact cobj_8 is 1842
[org_D11] My bid in artifact cobj_8 is 6933
[org_D7] My bid in artifact cobj_2 is 8532
[org_D3] My bid in artifact cobj_8 is 1551
[org_D5] My bid in artifact cobj_2 is 8930
[org_D8] My bid in artifact cobj_9 is 9182
[org_D13] My bid in artifact cobj_10 is 9069
[org_D11] My bid in artifact cobj_6 is 2044
[org_D3] My bid in artifact cobj_10 is 8927
[org_D3] My bid in artifact cobj_9 is 10788
[org_D7] My bid in artifact cobj_9 is 8653
[org_D4] My bid in artifact cobj_4 is 4795
[org_D11] My bid in artifact cobj_10 is 10251
[org_D12] My bid in artifact cobj_9 is 4284
[org_D8] My bid in artifact cobj_5 is 3962
[org_D7] My bid in artifact cobj_10 is 7600
[org_D7] My bid in artifact cobj_6 is 5068
[org_D11] My bid in artifact cobj_5 is 7953
[org_D2] My bid in artifact cobj_10 is 2554
[org_D4] My bid in artifact cobj_2 is 7224
[org_D6] My bid in artifact cobj_9 is 10561
[org_D13] My bid in artifact cobj_5 is 1122
[org_D8] My bid in artifact cobj_10 is 9815
[org_D10] My bid in artifact cobj_4 is 3695
[org_D6] My bid in artifact cobj_4 is 9944
[org_D13] My bid in artifact cobj_8 is 5421
[org_D9] My bid in artifact cobj_5 is 10788
[org_D3] My bid in artifact cobj_4 is 4598
[org_D2] My bid in artifact cobj_7 is 4973
[org_D8] My bid in artifact cobj_4 is 2427
[org_D5] My bid in artifact cobj_5 is 10362
[org_D10] My bid in artifact cobj_6 is 3347
[org_D4] My bid in artifact cobj_9 is 6462
[org_D9] My bid in artifact cobj_9 is 3433
[org_D1] My bid in artifact cobj_9 is 9404
[org_D10] My bid in artifact cobj_9 is 2393
[org_D11] My bid in artifact cobj_2 is 10389
[org_D2] My bid in artifact cobj_8 is 9888
[org_D13] My bid in artifact cobj_7 is 7070
[org_D1] My bid in artifact cobj_6 is 4203
[org_D2] My bid in artifact cobj_4 is 5814
[org_D10] My bid in artifact cobj_5 is 6466
[org_D1] My bid in artifact cobj_7 is 5919
[org_D6] My bid in artifact cobj_5 is 1181
[org_D12] My bid in artifact cobj_4 is 2244
[org_D4] My bid in artifact cobj_7 is 7548
[org_D4] My bid in artifact cobj_8 is 7184
[org_D6] My bid in artifact cobj_10 is 4395
[org_D13] My bid in artifact cobj_2 is 938
[org_D1] My bid in artifact cobj_10 is 8892
[org_D8] My bid in artifact cobj_2 is 8844
[org_D4] My bid in artifact cobj_5 is 6263
[org_D11] My bid in artifact cobj_9 is 2369
[org_D9] My bid in artifact cobj_6 is 10276
[org_D12] My bid in artifact cobj_6 is 2770
[org_D9] My bid in artifact cobj_7 is 2373
[org_D7] My bid in artifact cobj_4 is 3046
[org_D12] My bid in artifact cobj_8 is 4236
[org_D2] My bid in artifact cobj_6 is 5568
[org_D3] My bid in artifact cobj_2 is 7499
[org_D5] My bid in artifact cobj_10 is 7780
[org_D12] My bid in artifact cobj_5 is 9723
[org_D5] My bid in artifact cobj_6 is 8822
[org_D3] My bid in artifact cobj_6 is 5005
[org_D2] My bid in artifact cobj_2 is 7190
[org_D12] My bid in artifact cobj_10 is 3879
[org_D6] My bid in artifact cobj_2 is 10503
[org_D6] My bid in artifact cobj_8 is 10428
[org_D13] My bid in artifact cobj_4 is 3358
[org_D8] My bid in artifact cobj_6 is 4707
[org_D6] My bid in artifact cobj_6 is 4291
[org_D5] My bid in artifact cobj_9 is 4999
[org_D5] My bid in artifact cobj_7 is 2308
[org_D5] My bid in artifact cobj_8 is 860
[org_D8] My bid in artifact cobj_8 is 2765
[org_D10] My bid in artifact cobj_7 is 10204
[org_D10] My bid in artifact cobj_10 is 10594
[org_D9] My bid in artifact cobj_4 is 8914
[org_D3] My bid in artifact cobj_5 is 9330
[org_D12] My bid in artifact cobj_7 is 8285
[org_D5] My bid in artifact cobj_4 is 9035
[org_D11] My bid in artifact cobj_7 is 5052
[org_D1] My bid in artifact cobj_4 is 3133
[org_D1] My bid in artifact cobj_5 is 6705
[org_D9] My bid in artifact cobj_10 is 1141
[org_D10] My bid in artifact cobj_8 is 8453
[org_D12] My bid in artifact cobj_2 is 9106
[org_D7] My bid in artifact cobj_7 is 6684
[org_D4] My bid in artifact cobj_6 is 10538
[org_D11] My bid in artifact cobj_3 is 1783
[org_D7] My bid in artifact cobj_5 is 5137
[org_D2] My bid in artifact cobj_5 is 8345
[org_D3] My bid in artifact cobj_7 is 7639
[org_D6] My bid in artifact cobj_7 is 3912
[org_D9] My bid in artifact cobj_8 is 3035
[org_D7] My bid in artifact cobj_8 is 9694
[org_D13] My bid in artifact cobj_9 is 2972
[org_D13] My bid in artifact cobj_6 is 10336
[org_D13] I am obliged to commit to prepare_site on bhsch... doing so
[org_C4] I am obliged to commit to install_electrical_system on bhsch... doing so
[org_C2] I am obliged to commit to paint_house on bhsch... doing so
[org_E] I am obliged to commit to lay_floors on bhsch... doing so
[org_D6] I am obliged to commit to fit_windows on bhsch... doing so
[org_A] I am obliged to commit to install_plumbing on bhsch... doing so
[org_E] I am obliged to commit to build_walls on bhsch... doing so
[org_D6] I am obliged to commit to fit_doors on bhsch... doing so
[org_E] I am obliged to commit to build_roof on bhsch... doing so
[GroupBoard] org_D6 has quit, role door_fitter removed by the platform!
[GroupBoard] org_D6 has quit, role window_fitter removed by the platform!
[SchemeBoard] org_D6 has quit, mission fit_doors removed by the platform!
[SchemeBoard] org_D6 has quit, mission fit_windows removed by the platform!
[GroupBoard] giacomo has quit, role house_owner removed by the platform!
[SchemeBoard] giacomo has quit, mission management_of_house_building removed by the platform!
[GroupBoard] org_C2 has quit, role painter removed by the platform!
[SchemeBoard] org_C2 has quit, mission paint_house removed by the platform!
[GroupBoard] org_C4 has quit, role electrician removed by the platform!
[SchemeBoard] org_C4 has quit, mission install_electrical_system removed by the platform!
[GroupBoard] org_A has quit, role plumber removed by the platform!
[SchemeBoard] org_A has quit, mission install_plumbing removed by the platform!
[GroupBoard] org_D13 has quit, role site_prep_contractor removed by the platform!
[SchemeBoard] org_D13 has quit, mission prepare_site removed by the platform!
[GroupBoard] org_E has quit, role bricklayer removed by the platform!
[GroupBoard] org_E has quit, role roofer removed by the platform!
[SchemeBoard] org_E has quit, mission build_roof removed by the platform!
[SchemeBoard] org_E has quit, mission build_walls removed by the platform!
[SchemeBoard] org_E has quit, mission lay_floors removed by the platform!
