[org_A] My bid in artifact cobj_2 is 300
[org_C2] My bid in artifact cobj_2, at Task SitePreparation, is 1900
[org_E] My bid in artifact cobj_2, at Task Floors, is 990
[org_C3] My bid in artifact cobj_2, at Task SitePreparation, is 1900
[org_F1] My bid in artifact cobj_2, at Task SitePreparation, is 1000
[org_C4] My bid in artifact cobj_2, at Task SitePreparation, is 1900
[org_D3] My bid in artifact cobj_2 is 2757
[org_C1] My bid in artifact cobj_2, at Task SitePreparation, is 1900
[org_B] My bid in artifact cobj_2 is 1850
[org_F2] My bid in artifact cobj_2, at Task SitePreparation, is 1000
[org_C5] My bid in artifact cobj_2, at Task SitePreparation, is 1900
[org_C2] My bid in artifact cobj_4, at Task Floors, is 900
[org_F1] My bid in artifact cobj_2, at Task SitePreparation, is 1000
[org_F2] My bid in artifact cobj_2, at Task SitePreparation, is 1000
[org_C4] My bid in artifact cobj_4, at Task Floors, is 900
[org_B] My bid in artifact cobj_2 is 1750
[org_E] My bid in artifact cobj_4, at Task Walls, is 990
[org_C2] My bid in artifact cobj_5, at Task Walls, is 900
[org_C1] My bid in artifact cobj_5, at Task Walls, is 900
[org_E] My bid in artifact cobj_5, at Task Roof, is 1990
[org_C4] My bid in artifact cobj_5, at Task Walls, is 900
[org_E] My bid in artifact cobj_2, at Task Floors, is 890
[org_E] My bid in artifact cobj_4, at Task Walls, is 890
[org_C3] My bid in artifact cobj_5, at Task Walls, is 900
[org_C5] My bid in artifact cobj_4, at Task Walls, is 900
[org_C4] My bid in artifact cobj_6, at Task Roof, is 1100
[org_C1] My bid in artifact cobj_6, at Task Roof, is 1100
[org_C2] My bid in artifact cobj_7, at Task WindowsDoors, is 2000
[org_C3] My bid in artifact cobj_7, at Task WindowsDoors, is 2000
[org_C5] My bid in artifact cobj_6, at Task Roof, is 1100
[org_E] My bid in artifact cobj_5, at Task Roof, is 1090
[org_C1] My bid in artifact cobj_7, at Task WindowsDoors, is 2000
[org_C3] My bid in artifact cobj_6, at Task Roof, is 1100
[org_C2] My bid in artifact cobj_6, at Task Roof, is 1100
[org_C4] My bid in artifact cobj_6, at Task Roof, is 1100
[org_C5] My bid in artifact cobj_7, at Task WindowsDoors, is 2000
[org_C3] My bid in artifact cobj_9, at Task ElectricalSystem, is 300
[org_C1] My bid in artifact cobj_6, at Task Roof, is 1100
[org_C2] My bid in artifact cobj_8, at Task ElectricalSystem, is 300
[org_C5] My bid in artifact cobj_9, at Task ElectricalSystem, is 300
[org_C3] My bid in artifact cobj_6, at Task Roof, is 1100
[org_C4] My bid in artifact cobj_8, at Task ElectricalSystem, is 300
[org_C5] My bid in artifact cobj_10, at Task Painting, is 1100
[org_C3] My bid in artifact cobj_10, at Task Painting, is 1100
[org_C5] My bid in artifact cobj_6, at Task Roof, is 1100
[org_C2] My bid in artifact cobj_10, at Task Painting, is 1100
[org_C4] My bid in artifact cobj_9, at Task Painting, is 1100
[org_C1] My bid in artifact cobj_9, at Task ElectricalSystem, is 300
[org_C1] My bid in artifact cobj_10, at Task Painting, is 1100
[org_D1] My bid in artifact cobj_2 is 1683
[org_D2] My bid in artifact cobj_5 is 10397
[org_D8] My bid in artifact cobj_4 is 8224
[org_D8] My bid in artifact cobj_2 is 7796
[org_D12] My bid in artifact cobj_7 is 9214
[org_D2] My bid in artifact cobj_8 is 1540
[org_D7] My bid in artifact cobj_10 is 8478
[org_D7] My bid in artifact cobj_7 is 5381
[org_D8] My bid in artifact cobj_9 is 6770
[org_D11] My bid in artifact cobj_9 is 9146
[org_D10] My bid in artifact cobj_10 is 826
[org_D9] My bid in artifact cobj_8 is 8866
[org_D12] My bid in artifact cobj_5 is 6003
[org_D6] My bid in artifact cobj_4 is 10259
[org_D12] My bid in artifact cobj_6 is 9210
[org_D9] My bid in artifact cobj_7 is 1281
[org_D4] My bid in artifact cobj_5 is 10013
[org_D1] My bid in artifact cobj_4 is 6789
[org_D3] My bid in artifact cobj_5 is 6223
[org_D4] My bid in artifact cobj_10 is 8438
[org_D10] My bid in artifact cobj_2 is 3394
[org_D5] My bid in artifact cobj_5 is 10107
[org_D3] My bid in artifact cobj_6 is 7259
[org_D3] My bid in artifact cobj_7 is 3658
[org_D9] My bid in artifact cobj_10 is 2627
[org_D1] My bid in artifact cobj_6 is 9968
[org_D4] My bid in artifact cobj_9 is 4802
[org_D10] My bid in artifact cobj_6 is 3987
[org_D11] My bid in artifact cobj_6 is 1890
[org_D7] My bid in artifact cobj_8 is 2513
[org_D4] My bid in artifact cobj_2 is 10358
[org_D6] My bid in artifact cobj_2 is 4015
[org_D10] My bid in artifact cobj_5 is 2168
[org_D5] My bid in artifact cobj_10 is 3648
[org_D3] My bid in artifact cobj_8 is 3674
[org_D8] My bid in artifact cobj_5 is 9370
[org_D1] My bid in artifact cobj_8 is 9863
[org_D3] My bid in artifact cobj_10 is 2104
[org_D5] My bid in artifact cobj_7 is 4401
[org_D6] My bid in artifact cobj_5 is 7552
[org_D5] My bid in artifact cobj_9 is 9313
[org_D2] My bid in artifact cobj_4 is 7221
[org_D3] My bid in artifact cobj_9 is 3767
[org_D1] My bid in artifact cobj_5 is 9326
[org_D13] My bid in artifact cobj_9 is 8425
[org_D8] My bid in artifact cobj_8 is 5044
[org_D11] My bid in artifact cobj_8 is 5234
[org_D10] My bid in artifact cobj_7 is 8707
[org_D8] My bid in artifact cobj_10 is 5722
[org_D4] My bid in artifact cobj_7 is 4936
[org_D13] My bid in artifact cobj_7 is 1353
[org_D9] My bid in artifact cobj_9 is 7011
[org_D13] My bid in artifact cobj_4 is 4668
[org_D1] My bid in artifact cobj_9 is 2049
[org_D4] My bid in artifact cobj_8 is 2326
[org_D8] My bid in artifact cobj_7 is 5207
[org_D7] My bid in artifact cobj_2 is 5856
[org_D5] My bid in artifact cobj_6 is 9669
[org_D10] My bid in artifact cobj_8 is 4991
[org_D9] My bid in artifact cobj_2 is 6858
[org_D4] My bid in artifact cobj_4 is 8345
[org_D10] My bid in artifact cobj_4 is 4373
[org_D13] My bid in artifact cobj_2 is 9999
[org_D2] My bid in artifact cobj_2 is 5761
[org_D12] My bid in artifact cobj_9 is 9324
[org_D5] My bid in artifact cobj_2 is 8056
[org_D11] My bid in artifact cobj_7 is 9043
[org_D11] My bid in artifact cobj_5 is 2553
[org_D9] My bid in artifact cobj_6 is 5698
[org_D4] My bid in artifact cobj_6 is 1808
[org_D7] My bid in artifact cobj_6 is 3274
[org_D7] My bid in artifact cobj_9 is 1431
[org_D7] My bid in artifact cobj_4 is 5698
[org_D6] My bid in artifact cobj_7 is 5386
[org_D5] My bid in artifact cobj_4 is 8355
[org_D13] My bid in artifact cobj_5 is 8673
[org_D6] My bid in artifact cobj_9 is 6641
[org_D13] My bid in artifact cobj_6 is 7065
[org_D11] My bid in artifact cobj_2 is 6328
[org_D2] My bid in artifact cobj_6 is 10560
[org_D6] My bid in artifact cobj_10 is 6386
[org_D9] My bid in artifact cobj_5 is 10369
[org_D1] My bid in artifact cobj_7 is 7265
[org_D8] My bid in artifact cobj_6 is 9529
[org_D11] My bid in artifact cobj_4 is 7409
[org_D9] My bid in artifact cobj_4 is 5197
[org_D11] My bid in artifact cobj_10 is 2466
[org_D7] My bid in artifact cobj_5 is 7943
[org_D1] My bid in artifact cobj_10 is 1640
[org_D2] My bid in artifact cobj_10 is 5467
[org_D12] My bid in artifact cobj_2 is 9095
[org_D10] My bid in artifact cobj_9 is 3079
[org_D13] My bid in artifact cobj_8 is 10735
[org_D12] My bid in artifact cobj_8 is 2381
[org_D13] My bid in artifact cobj_10 is 9142
[org_D5] My bid in artifact cobj_8 is 3832
[org_D2] My bid in artifact cobj_7 is 7746
[org_D6] My bid in artifact cobj_8 is 8892
[org_D12] My bid in artifact cobj_10 is 7628
[org_D12] My bid in artifact cobj_4 is 6991
[org_D2] My bid in artifact cobj_9 is 8044
[org_D3] My bid in artifact cobj_4 is 5648
[org_D6] My bid in artifact cobj_6 is 6180
[org_E] I am obliged to commit to lay_floors on bhsch... doing so
[org_C3] I am obliged to commit to install_electrical_system on bhsch... doing so
[org_F1] I am obliged to commit to prepare_site on bhsch... doing so
[org_D11] I am obliged to commit to fit_windows on bhsch... doing so
[org_D11] I am obliged to commit to fit_doors on bhsch... doing so
[org_C5] I am obliged to commit to paint_house on bhsch... doing so
[org_E] I am obliged to commit to build_walls on bhsch... doing so
[org_E] I am obliged to commit to build_roof on bhsch... doing so
[org_A] I am obliged to commit to install_plumbing on bhsch... doing so
[GroupBoard] org_F1 has quit, role site_prep_contractor removed by the platform!
[SchemeBoard] org_F1 has quit, mission prepare_site removed by the platform!
[GroupBoard] giacomo has quit, role house_owner removed by the platform!
[SchemeBoard] giacomo has quit, mission management_of_house_building removed by the platform!
[GroupBoard] org_C3 has quit, role electrician removed by the platform!
[SchemeBoard] org_C3 has quit, mission install_electrical_system removed by the platform!
[GroupBoard] org_C5 has quit, role painter removed by the platform!
[SchemeBoard] org_C5 has quit, mission paint_house removed by the platform!
[GroupBoard] org_A has quit, role plumber removed by the platform!
[SchemeBoard] org_A has quit, mission install_plumbing removed by the platform!
[GroupBoard] org_D11 has quit, role door_fitter removed by the platform!
[GroupBoard] org_D11 has quit, role window_fitter removed by the platform!
[SchemeBoard] org_D11 has quit, mission fit_doors removed by the platform!
[SchemeBoard] org_D11 has quit, mission fit_windows removed by the platform!
[GroupBoard] org_E has quit, role bricklayer removed by the platform!
[GroupBoard] org_E has quit, role roofer removed by the platform!
[SchemeBoard] org_E has quit, mission build_roof removed by the platform!
[SchemeBoard] org_E has quit, mission build_walls removed by the platform!
[SchemeBoard] org_E has quit, mission lay_floors removed by the platform!
