[org_D4] My bid in artifact cobj_2 is 4674
[org_E] My bid in artifact cobj_2, at Task Floors, is 990
[org_C3] My bid in artifact cobj_2, at Task SitePreparation, is 1900
[org_C1] My bid in artifact cobj_2, at Task SitePreparation, is 1900
[org_C4] My bid in artifact cobj_2, at Task SitePreparation, is 1900
[org_D5] My bid in artifact cobj_4 is 2306
[org_B] My bid in artifact cobj_2 is 1850
[org_A] My bid in artifact cobj_2 is 300
[org_F2] My bid in artifact cobj_2, at Task SitePreparation, is 1000
[org_D12] My bid in artifact cobj_4 is 2239
[org_F1] My bid in artifact cobj_2, at Task SitePreparation, is 1000
[org_C2] My bid in artifact cobj_2, at Task SitePreparation, is 1900
[org_C5] My bid in artifact cobj_2, at Task SitePreparation, is 1900
[org_F2] My bid in artifact cobj_2, at Task SitePreparation, is 1000
[org_C3] My bid in artifact cobj_4, at Task Floors, is 900
[org_F2] My bid in artifact cobj_2, at Task SitePreparation, is 1000
[org_B] My bid in artifact cobj_2 is 1750
[org_E] My bid in artifact cobj_4, at Task Walls, is 990
[org_F1] My bid in artifact cobj_2, at Task SitePreparation, is 1000
[org_C4] My bid in artifact cobj_4, at Task Floors, is 900
[org_C3] My bid in artifact cobj_5, at Task Walls, is 900
[org_F1] My bid in artifact cobj_2, at Task SitePreparation, is 1000
[org_E] My bid in artifact cobj_5, at Task Roof, is 1990
[org_D6] My bid in artifact cobj_9 is 6259
[org_D2] My bid in artifact cobj_5 is 8165
[org_B] My bid in artifact cobj_2 is 1700
[org_C4] My bid in artifact cobj_5, at Task Walls, is 900
[org_E] My bid in artifact cobj_2, at Task Floors, is 890
[org_D13] My bid in artifact cobj_5 is 6171
[org_E] My bid in artifact cobj_4, at Task Walls, is 890
[org_D13] My bid in artifact cobj_6 is 8621
[org_C5] My bid in artifact cobj_5, at Task Walls, is 900
[org_D7] My bid in artifact cobj_2 is 3874
[org_C4] My bid in artifact cobj_6, at Task Roof, is 1100
[org_C5] My bid in artifact cobj_6, at Task Roof, is 1100
[org_C1] My bid in artifact cobj_4, at Task Floors, is 900
[org_D1] My bid in artifact cobj_8 is 7016
[org_D10] My bid in artifact cobj_8 is 7438
[org_D2] My bid in artifact cobj_10 is 6683
[org_D9] My bid in artifact cobj_4 is 1152
[org_C2] My bid in artifact cobj_6, at Task WindowsDoors, is 2000
[org_C4] My bid in artifact cobj_6, at Task Roof, is 1100
[org_C5] My bid in artifact cobj_7, at Task WindowsDoors, is 2000
[org_D9] My bid in artifact cobj_7 is 2514
[org_E] My bid in artifact cobj_5, at Task Roof, is 1090
[org_C1] My bid in artifact cobj_7, at Task WindowsDoors, is 2000
[org_D4] My bid in artifact cobj_8 is 8342
[org_C4] My bid in artifact cobj_7, at Task WindowsDoors, is 2000
[org_C5] My bid in artifact cobj_9, at Task ElectricalSystem, is 300
[org_C2] My bid in artifact cobj_7, at Task Roof, is 1100
[org_C1] My bid in artifact cobj_9, at Task ElectricalSystem, is 300
[org_D1] My bid in artifact cobj_10 is 9674
[org_C4] My bid in artifact cobj_9, at Task ElectricalSystem, is 300
[org_C2] My bid in artifact cobj_9, at Task Painting, is 1100
[org_D5] My bid in artifact cobj_7 is 922
[org_D11] My bid in artifact cobj_2 is 1450
[org_C4] My bid in artifact cobj_10, at Task Painting, is 1100
[org_C2] My bid in artifact cobj_10, at Task ElectricalSystem, is 300
[org_C3] My bid in artifact cobj_6, at Task Roof, is 1100
[org_D8] My bid in artifact cobj_2 is 6601
[org_D6] My bid in artifact cobj_7 is 2709
[org_D6] My bid in artifact cobj_4 is 9704
[org_D3] My bid in artifact cobj_5 is 10114
[org_C2] My bid in artifact cobj_7, at Task Roof, is 1100
[org_C1] My bid in artifact cobj_10, at Task Painting, is 1100
[org_D10] My bid in artifact cobj_5 is 2986
[org_D5] My bid in artifact cobj_9 is 2574
[org_D4] My bid in artifact cobj_6 is 8553
[org_D2] My bid in artifact cobj_4 is 3606
[org_D9] My bid in artifact cobj_9 is 7428
[org_D12] My bid in artifact cobj_8 is 4154
[org_D12] My bid in artifact cobj_2 is 801
[org_D7] My bid in artifact cobj_4 is 8513
[org_D5] My bid in artifact cobj_6 is 5081
[org_D11] My bid in artifact cobj_8 is 6724
[org_D3] My bid in artifact cobj_4 is 2458
[org_D12] My bid in artifact cobj_7 is 8197
[org_D4] My bid in artifact cobj_9 is 8281
[org_D12] My bid in artifact cobj_5 is 3625
[org_D7] My bid in artifact cobj_6 is 5193
[org_D2] My bid in artifact cobj_2 is 10578
[org_D13] My bid in artifact cobj_10 is 8447
[org_D2] My bid in artifact cobj_8 is 6380
[org_D8] My bid in artifact cobj_9 is 1205
[org_D10] My bid in artifact cobj_2 is 4426
[org_D3] My bid in artifact cobj_6 is 6313
[org_D4] My bid in artifact cobj_4 is 1169
[org_D5] My bid in artifact cobj_2 is 8431
[org_D5] My bid in artifact cobj_5 is 4867
[org_D8] My bid in artifact cobj_4 is 7440
[org_D4] My bid in artifact cobj_7 is 10428
[org_D13] My bid in artifact cobj_7 is 2520
[org_D10] My bid in artifact cobj_7 is 5576
[org_D2] My bid in artifact cobj_9 is 9989
[org_D6] My bid in artifact cobj_8 is 3758
[org_D13] My bid in artifact cobj_9 is 6471
[org_D10] My bid in artifact cobj_4 is 2898
[org_D11] My bid in artifact cobj_4 is 10793
[org_D7] My bid in artifact cobj_9 is 4287
[org_D7] My bid in artifact cobj_5 is 4027
[org_D9] My bid in artifact cobj_2 is 5572
[org_D7] My bid in artifact cobj_7 is 6442
[org_D8] My bid in artifact cobj_8 is 5168
[org_D9] My bid in artifact cobj_8 is 8273
[org_D11] My bid in artifact cobj_6 is 6873
[org_D13] My bid in artifact cobj_8 is 9083
[org_D12] My bid in artifact cobj_10 is 7613
[org_D4] My bid in artifact cobj_5 is 6265
[org_D12] My bid in artifact cobj_9 is 10445
[org_D6] My bid in artifact cobj_2 is 7157
[org_D8] My bid in artifact cobj_10 is 8161
[org_D11] My bid in artifact cobj_10 is 1640
[org_D3] My bid in artifact cobj_2 is 5643
[org_D10] My bid in artifact cobj_6 is 7745
[org_D13] My bid in artifact cobj_2 is 7220
[org_D11] My bid in artifact cobj_7 is 8031
[org_D3] My bid in artifact cobj_8 is 2254
[org_D9] My bid in artifact cobj_6 is 2038
[org_D5] My bid in artifact cobj_8 is 1714
[org_D1] My bid in artifact cobj_9 is 4327
[org_D6] My bid in artifact cobj_6 is 5194
[org_D2] My bid in artifact cobj_6 is 1568
[org_D3] My bid in artifact cobj_9 is 3522
[org_D1] My bid in artifact cobj_4 is 5142
[org_D7] My bid in artifact cobj_8 is 10708
[org_D1] My bid in artifact cobj_6 is 4619
[org_D1] My bid in artifact cobj_7 is 1818
[org_D6] My bid in artifact cobj_5 is 6778
[org_D8] My bid in artifact cobj_6 is 4675
[org_D6] My bid in artifact cobj_10 is 4158
[org_D1] My bid in artifact cobj_5 is 2738
[org_D12] My bid in artifact cobj_6 is 5903
[org_D10] My bid in artifact cobj_9 is 6119
[org_D11] My bid in artifact cobj_9 is 5139
[org_D11] My bid in artifact cobj_5 is 7709
[org_D7] My bid in artifact cobj_10 is 10763
[org_D13] My bid in artifact cobj_4 is 10226
[org_D1] My bid in artifact cobj_2 is 6535
[org_D8] My bid in artifact cobj_5 is 1723
[org_D3] My bid in artifact cobj_7 is 5078
[org_D5] My bid in artifact cobj_10 is 1051
[org_D9] My bid in artifact cobj_5 is 8671
[org_D8] My bid in artifact cobj_7 is 4252
[org_D2] My bid in artifact cobj_7 is 10169
[org_D10] My bid in artifact cobj_10 is 6073
[org_D3] My bid in artifact cobj_10 is 7418
[org_D9] My bid in artifact cobj_10 is 3387
[org_D4] My bid in artifact cobj_10 is 1778
[org_D5] I am obliged to commit to fit_windows on bhsch... doing so
[org_A] I am obliged to commit to install_plumbing on bhsch... doing so
[org_E] I am obliged to commit to lay_floors on bhsch... doing so
[org_C5] I am obliged to commit to install_electrical_system on bhsch... doing so
[org_D5] I am obliged to commit to fit_doors on bhsch... doing so
[org_E] I am obliged to commit to build_walls on bhsch... doing so
[org_D5] I am obliged to commit to paint_house on bhsch... doing so
[org_E] I am obliged to commit to build_roof on bhsch... doing so
[org_D12] I am obliged to commit to prepare_site on bhsch... doing so
[GroupBoard] org_D5 has quit, role door_fitter removed by the platform!
[GroupBoard] org_D5 has quit, role painter removed by the platform!
[GroupBoard] org_D5 has quit, role window_fitter removed by the platform!
[SchemeBoard] org_D5 has quit, mission fit_doors removed by the platform!
[SchemeBoard] org_D5 has quit, mission fit_windows removed by the platform!
[SchemeBoard] org_D5 has quit, mission paint_house removed by the platform!
[GroupBoard] giacomo has quit, role house_owner removed by the platform!
[SchemeBoard] giacomo has quit, mission management_of_house_building removed by the platform!
[GroupBoard] org_C5 has quit, role electrician removed by the platform!
[SchemeBoard] org_C5 has quit, mission install_electrical_system removed by the platform!
[GroupBoard] org_A has quit, role plumber removed by the platform!
[SchemeBoard] org_A has quit, mission install_plumbing removed by the platform!
[GroupBoard] org_D12 has quit, role site_prep_contractor removed by the platform!
[SchemeBoard] org_D12 has quit, mission prepare_site removed by the platform!
[GroupBoard] org_E has quit, role bricklayer removed by the platform!
[GroupBoard] org_E has quit, role roofer removed by the platform!
[SchemeBoard] org_E has quit, mission build_roof removed by the platform!
[SchemeBoard] org_E has quit, mission build_walls removed by the platform!
[SchemeBoard] org_E has quit, mission lay_floors removed by the platform!
