[org_F1] My bid in artifact cobj_2, at Task SitePreparation, is 1000
[org_C2] My bid in artifact cobj_2, at Task SitePreparation, is 1900
[org_C4] My bid in artifact cobj_2, at Task SitePreparation, is 1900
[org_C5] My bid in artifact cobj_2, at Task SitePreparation, is 1900
[org_A] My bid in artifact cobj_2 is 300
[org_E] My bid in artifact cobj_2, at Task Floors, is 990
[org_C3] My bid in artifact cobj_4, at Task Floors, is 900
[org_C3] My bid in artifact cobj_5, at Task Walls, is 900
[org_E] My bid in artifact cobj_2, at Task Floors, is 890
[org_C1] My bid in artifact cobj_4, at Task Floors, is 900
[org_D13] My bid in artifact cobj_2 is 6672
[org_C1] My bid in artifact cobj_5, at Task Walls, is 900
[org_E] My bid in artifact cobj_4, at Task Walls, is 990
[org_C3] My bid in artifact cobj_6, at Task Roof, is 1100
[org_E] My bid in artifact cobj_4, at Task Walls, is 890
[org_C1] My bid in artifact cobj_6, at Task Roof, is 1100
[org_C5] My bid in artifact cobj_6, at Task Roof, is 1100
[org_C4] My bid in artifact cobj_6, at Task Roof, is 1100
[org_C5] My bid in artifact cobj_7, at Task WindowsDoors, is 2000
[org_C1] My bid in artifact cobj_7, at Task WindowsDoors, is 2000
[org_C3] My bid in artifact cobj_7, at Task WindowsDoors, is 2000
[org_C2] My bid in artifact cobj_6, at Task Roof, is 1100
[org_C4] My bid in artifact cobj_7, at Task WindowsDoors, is 2000
[org_C2] My bid in artifact cobj_7, at Task WindowsDoors, is 2000
[org_C1] My bid in artifact cobj_9, at Task ElectricalSystem, is 300
[org_C4] My bid in artifact cobj_9, at Task Painting, is 1100
[org_C5] My bid in artifact cobj_9, at Task ElectricalSystem, is 300
[org_C2] My bid in artifact cobj_9, at Task ElectricalSystem, is 300
[org_C3] My bid in artifact cobj_9, at Task ElectricalSystem, is 300
[org_D11] My bid in artifact cobj_2 is 8398
[org_D4] My bid in artifact cobj_2 is 8446
[org_C5] My bid in artifact cobj_10, at Task Painting, is 1100
[org_D9] My bid in artifact cobj_2 is 6868
[org_E] My bid in artifact cobj_5, at Task Roof, is 1090
[org_C4] My bid in artifact cobj_10, at Task ElectricalSystem, is 300
[org_C2] My bid in artifact cobj_10, at Task Painting, is 1100
[org_D3] My bid in artifact cobj_6 is 9968
[org_D1] My bid in artifact cobj_4 is 5606
[org_D12] My bid in artifact cobj_6 is 1272
[org_D7] My bid in artifact cobj_6 is 10512
[org_D11] My bid in artifact cobj_9 is 3760
[org_D4] My bid in artifact cobj_4 is 10332
[org_D7] My bid in artifact cobj_4 is 2344
[org_D6] My bid in artifact cobj_10 is 8749
[org_D12] My bid in artifact cobj_2 is 829
[org_D6] My bid in artifact cobj_5 is 4641
[org_D2] My bid in artifact cobj_8 is 8413
[org_D8] My bid in artifact cobj_7 is 4198
[org_D6] My bid in artifact cobj_4 is 8364
[org_D8] My bid in artifact cobj_2 is 1431
[org_D8] My bid in artifact cobj_8 is 5709
[org_D8] My bid in artifact cobj_10 is 8333
[org_D4] My bid in artifact cobj_10 is 10012
[org_D11] My bid in artifact cobj_7 is 4172
[org_D3] My bid in artifact cobj_2 is 4734
[org_D8] My bid in artifact cobj_6 is 3733
[org_D10] My bid in artifact cobj_2 is 8617
[org_D11] My bid in artifact cobj_10 is 808
[org_D5] My bid in artifact cobj_2 is 3336
[org_D4] My bid in artifact cobj_8 is 4525
[org_D2] My bid in artifact cobj_2 is 2194
[org_D6] My bid in artifact cobj_8 is 1982
[org_D6] My bid in artifact cobj_7 is 1099
[org_D6] My bid in artifact cobj_2 is 1359
[org_D5] My bid in artifact cobj_8 is 9553
[org_D9] My bid in artifact cobj_9 is 4768
[org_D6] My bid in artifact cobj_9 is 4274
[org_D9] My bid in artifact cobj_8 is 4269
[org_D10] My bid in artifact cobj_7 is 2312
[org_D9] My bid in artifact cobj_10 is 1501
[org_D13] My bid in artifact cobj_8 is 3147
[org_D2] My bid in artifact cobj_4 is 3013
[org_D1] My bid in artifact cobj_2 is 9474
[org_D1] My bid in artifact cobj_7 is 3355
[org_D1] My bid in artifact cobj_6 is 2248
[org_D12] My bid in artifact cobj_10 is 7390
[org_D7] My bid in artifact cobj_9 is 6942
[org_D3] My bid in artifact cobj_7 is 10360
[org_D9] My bid in artifact cobj_7 is 6547
[org_D12] My bid in artifact cobj_5 is 828
[org_D4] My bid in artifact cobj_5 is 3802
[org_D4] My bid in artifact cobj_7 is 3942
[org_E] My bid in artifact cobj_4, at Task Walls, is 818
[org_D7] My bid in artifact cobj_10 is 9498
[org_D5] My bid in artifact cobj_7 is 5143
[org_D1] My bid in artifact cobj_9 is 1978
[org_D7] My bid in artifact cobj_2 is 7732
[org_D2] My bid in artifact cobj_5 is 10326
[org_D3] My bid in artifact cobj_4 is 6471
[org_D9] My bid in artifact cobj_5 is 2467
[org_D8] My bid in artifact cobj_5 is 7912
[org_D3] My bid in artifact cobj_9 is 8402
[org_D6] My bid in artifact cobj_6 is 3850
[org_D5] My bid in artifact cobj_9 is 3316
[org_D13] My bid in artifact cobj_9 is 10301
[org_D8] My bid in artifact cobj_4 is 2365
[org_D12] My bid in artifact cobj_4 is 5985
[org_D5] My bid in artifact cobj_6 is 5847
[org_D11] My bid in artifact cobj_8 is 1150
[org_D5] My bid in artifact cobj_4 is 3037
[org_D3] My bid in artifact cobj_5 is 10123
[org_D2] My bid in artifact cobj_6 is 6214
[org_D13] My bid in artifact cobj_10 is 4996
[org_D8] My bid in artifact cobj_9 is 4811
[org_D12] My bid in artifact cobj_7 is 10600
[org_D3] My bid in artifact cobj_10 is 1122
[org_D13] My bid in artifact cobj_5 is 7697
[org_D4] My bid in artifact cobj_9 is 1983
[org_D2] My bid in artifact cobj_9 is 10314
[org_D9] My bid in artifact cobj_4 is 6209
[org_D10] My bid in artifact cobj_9 is 7601
[org_D1] My bid in artifact cobj_10 is 3076
[org_D5] My bid in artifact cobj_10 is 1031
[org_D7] My bid in artifact cobj_5 is 9231
[org_D2] My bid in artifact cobj_7 is 4721
[org_D5] My bid in artifact cobj_5 is 7019
[org_D7] My bid in artifact cobj_7 is 8920
[org_D1] My bid in artifact cobj_5 is 7965
[org_D10] My bid in artifact cobj_8 is 7782
[org_D10] My bid in artifact cobj_10 is 6241
[org_D10] My bid in artifact cobj_4 is 4941
[org_D1] My bid in artifact cobj_8 is 5398
[org_D11] My bid in artifact cobj_6 is 2740
[org_D10] My bid in artifact cobj_5 is 8312
[org_D7] My bid in artifact cobj_8 is 9064
[org_D13] My bid in artifact cobj_6 is 6894
[org_D3] My bid in artifact cobj_8 is 9805
[org_D4] My bid in artifact cobj_6 is 6350
[org_D10] My bid in artifact cobj_6 is 6222
[org_D12] My bid in artifact cobj_8 is 5376
[org_D13] My bid in artifact cobj_7 is 1244
[org_D11] My bid in artifact cobj_4 is 9084
[org_D9] My bid in artifact cobj_6 is 3099
[org_D11] My bid in artifact cobj_5 is 2357
[org_D2] My bid in artifact cobj_10 is 3212
[org_D12] My bid in artifact cobj_9 is 5377
[org_D13] My bid in artifact cobj_4 is 2795
[org_E] I am obliged to commit to lay_floors on bhsch... doing so
[org_D11] I am obliged to commit to paint_house on bhsch... doing so
[org_C1] I am obliged to commit to install_electrical_system on bhsch... doing so
[org_A] I am obliged to commit to install_plumbing on bhsch... doing so
[org_D12] I am obliged to commit to prepare_site on bhsch... doing so
[org_E] I am obliged to commit to build_walls on bhsch... doing so
[org_D13] I am obliged to commit to fit_windows on bhsch... doing so
[org_D13] I am obliged to commit to fit_doors on bhsch... doing so
[org_E] I am obliged to commit to build_roof on bhsch... doing so
[GroupBoard] giacomo has quit, role house_owner removed by the platform!
[SchemeBoard] giacomo has quit, mission management_of_house_building removed by the platform!
[GroupBoard] org_C1 has quit, role electrician removed by the platform!
[SchemeBoard] org_C1 has quit, mission install_electrical_system removed by the platform!
[GroupBoard] org_A has quit, role plumber removed by the platform!
[SchemeBoard] org_A has quit, mission install_plumbing removed by the platform!
[GroupBoard] org_D13 has quit, role door_fitter removed by the platform!
[GroupBoard] org_D13 has quit, role window_fitter removed by the platform!
[SchemeBoard] org_D13 has quit, mission fit_doors removed by the platform!
[SchemeBoard] org_D13 has quit, mission fit_windows removed by the platform!
[GroupBoard] org_D12 has quit, role site_prep_contractor removed by the platform!
[SchemeBoard] org_D12 has quit, mission prepare_site removed by the platform!
[GroupBoard] org_D11 has quit, role painter removed by the platform!
[SchemeBoard] org_D11 has quit, mission paint_house removed by the platform!
[GroupBoard] org_E has quit, role bricklayer removed by the platform!
[GroupBoard] org_E has quit, role roofer removed by the platform!
[SchemeBoard] org_E has quit, mission build_roof removed by the platform!
[SchemeBoard] org_E has quit, mission build_walls removed by the platform!
[SchemeBoard] org_E has quit, mission lay_floors removed by the platform!
